<?xml version="1.0" encoding="UTF-8"?>
<testng-results skipped="0" failed="0" ignored="0" total="10" passed="10">
  <reporter-output>
  </reporter-output>
  <suite name="book-flight-module" duration-ms="101352" started-at="2020-07-05T16:05:15 GMT" finished-at="2020-07-05T16:06:56 GMT">
    <groups>
    </groups>
    <test name="book-flight-4" duration-ms="53370" started-at="2020-07-05T16:05:15 GMT" finished-at="2020-07-05T16:06:08 GMT">
      <class name="tests.BookFlightTest">
        <test-method status="PASS" signature="setUpDriver(org.testng.ITestContext)[pri:0, instance:tests.BookFlightTest@d8355a8]" name="setUpDriver" is-config="true" duration-ms="18129" started-at="2020-07-05T16:05:15 GMT" finished-at="2020-07-05T16:05:33 GMT">
          <params>
            <param index="0">
              <value>
                <![CDATA[org.testng.TestRunner@ff5b51f]]>
              </value>
            </param>
          </params>
          <reporter-output>
          </reporter-output>
        </test-method> <!-- setUpDriver -->
        <test-method status="PASS" signature="setUpParameters(java.lang.String, java.lang.String)[pri:0, instance:tests.BookFlightTest@d8355a8]" name="setUpParameters" is-config="true" duration-ms="1" started-at="2020-07-05T16:05:33 GMT" depends-on-methods="base.BaseTest.setUpDriver" finished-at="2020-07-05T16:05:33 GMT">
          <params>
            <param index="0">
              <value>
                <![CDATA[4]]>
              </value>
            </param>
            <param index="1">
              <value>
                <![CDATA[$2338 USD]]>
              </value>
            </param>
          </params>
          <reporter-output>
          </reporter-output>
        </test-method> <!-- setUpParameters -->
        <test-method status="PASS" signature="registrationPageTest()[pri:0, instance:tests.BookFlightTest@d8355a8]" name="registrationPageTest" duration-ms="13809" started-at="2020-07-05T16:05:33 GMT" finished-at="2020-07-05T16:05:47 GMT">
          <reporter-output>
          </reporter-output>
        </test-method> <!-- registrationPageTest -->
        <test-method status="PASS" signature="registrationConformationPage()[pri:0, instance:tests.BookFlightTest@d8355a8]" name="registrationConformationPage" duration-ms="2620" started-at="2020-07-05T16:05:47 GMT" depends-on-methods="tests.BookFlightTest.registrationPageTest" finished-at="2020-07-05T16:05:50 GMT">
          <reporter-output>
          </reporter-output>
        </test-method> <!-- registrationConformationPage -->
        <test-method status="PASS" signature="flightsDetailsPage()[pri:0, instance:tests.BookFlightTest@d8355a8]" name="flightsDetailsPage" duration-ms="4624" started-at="2020-07-05T16:05:50 GMT" depends-on-methods="tests.BookFlightTest.registrationConformationPage" finished-at="2020-07-05T16:05:54 GMT">
          <reporter-output>
          </reporter-output>
        </test-method> <!-- flightsDetailsPage -->
        <test-method status="PASS" signature="findFlightPage()[pri:0, instance:tests.BookFlightTest@d8355a8]" name="findFlightPage" duration-ms="8368" started-at="2020-07-05T16:05:54 GMT" depends-on-methods="tests.BookFlightTest.flightsDetailsPage" finished-at="2020-07-05T16:06:03 GMT">
          <reporter-output>
          </reporter-output>
        </test-method> <!-- findFlightPage -->
        <test-method status="PASS" signature="flightCOnfirmationPage()[pri:0, instance:tests.BookFlightTest@d8355a8]" name="flightCOnfirmationPage" duration-ms="4823" started-at="2020-07-05T16:06:03 GMT" depends-on-methods="tests.BookFlightTest.findFlightPage" finished-at="2020-07-05T16:06:07 GMT">
          <reporter-output>
          </reporter-output>
        </test-method> <!-- flightCOnfirmationPage -->
        <test-method status="PASS" signature="tearDown()[pri:0, instance:tests.BookFlightTest@d8355a8]" name="tearDown" is-config="true" duration-ms="673" started-at="2020-07-05T16:06:07 GMT" finished-at="2020-07-05T16:06:08 GMT">
          <reporter-output>
          </reporter-output>
        </test-method> <!-- tearDown -->
      </class> <!-- tests.BookFlightTest -->
    </test> <!-- book-flight-4 -->
    <test name="book-flight-1" duration-ms="101352" started-at="2020-07-05T16:05:15 GMT" finished-at="2020-07-05T16:06:56 GMT">
      <class name="tests.BookFlightTest">
        <test-method status="PASS" signature="setUpDriver(org.testng.ITestContext)[pri:0, instance:tests.BookFlightTest@6cc4c815]" name="setUpDriver" is-config="true" duration-ms="59293" started-at="2020-07-05T16:05:15 GMT" finished-at="2020-07-05T16:06:14 GMT">
          <params>
            <param index="0">
              <value>
                <![CDATA[org.testng.TestRunner@56ef9176]]>
              </value>
            </param>
          </params>
          <reporter-output>
          </reporter-output>
        </test-method> <!-- setUpDriver -->
        <test-method status="PASS" signature="setUpParameters(java.lang.String, java.lang.String)[pri:0, instance:tests.BookFlightTest@6cc4c815]" name="setUpParameters" is-config="true" duration-ms="1" started-at="2020-07-05T16:06:14 GMT" depends-on-methods="base.BaseTest.setUpDriver" finished-at="2020-07-05T16:06:14 GMT">
          <params>
            <param index="0">
              <value>
                <![CDATA[1]]>
              </value>
            </param>
            <param index="1">
              <value>
                <![CDATA[$584 USD]]>
              </value>
            </param>
          </params>
          <reporter-output>
          </reporter-output>
        </test-method> <!-- setUpParameters -->
        <test-method status="PASS" signature="registrationPageTest()[pri:0, instance:tests.BookFlightTest@6cc4c815]" name="registrationPageTest" duration-ms="18948" started-at="2020-07-05T16:06:14 GMT" finished-at="2020-07-05T16:06:33 GMT">
          <reporter-output>
          </reporter-output>
        </test-method> <!-- registrationPageTest -->
        <test-method status="PASS" signature="registrationConformationPage()[pri:0, instance:tests.BookFlightTest@6cc4c815]" name="registrationConformationPage" duration-ms="4131" started-at="2020-07-05T16:06:33 GMT" depends-on-methods="tests.BookFlightTest.registrationPageTest" finished-at="2020-07-05T16:06:37 GMT">
          <reporter-output>
          </reporter-output>
        </test-method> <!-- registrationConformationPage -->
        <test-method status="PASS" signature="flightsDetailsPage()[pri:0, instance:tests.BookFlightTest@6cc4c815]" name="flightsDetailsPage" duration-ms="3762" started-at="2020-07-05T16:06:37 GMT" depends-on-methods="tests.BookFlightTest.registrationConformationPage" finished-at="2020-07-05T16:06:41 GMT">
          <reporter-output>
          </reporter-output>
        </test-method> <!-- flightsDetailsPage -->
        <test-method status="PASS" signature="findFlightPage()[pri:0, instance:tests.BookFlightTest@6cc4c815]" name="findFlightPage" duration-ms="10450" started-at="2020-07-05T16:06:41 GMT" depends-on-methods="tests.BookFlightTest.flightsDetailsPage" finished-at="2020-07-05T16:06:51 GMT">
          <reporter-output>
          </reporter-output>
        </test-method> <!-- findFlightPage -->
        <test-method status="PASS" signature="flightCOnfirmationPage()[pri:0, instance:tests.BookFlightTest@6cc4c815]" name="flightCOnfirmationPage" duration-ms="4371" started-at="2020-07-05T16:06:51 GMT" depends-on-methods="tests.BookFlightTest.findFlightPage" finished-at="2020-07-05T16:06:56 GMT">
          <reporter-output>
          </reporter-output>
        </test-method> <!-- flightCOnfirmationPage -->
        <test-method status="PASS" signature="tearDown()[pri:0, instance:tests.BookFlightTest@6cc4c815]" name="tearDown" is-config="true" duration-ms="348" started-at="2020-07-05T16:06:56 GMT" finished-at="2020-07-05T16:06:56 GMT">
          <reporter-output>
          </reporter-output>
        </test-method> <!-- tearDown -->
      </class> <!-- tests.BookFlightTest -->
    </test> <!-- book-flight-1 -->
  </suite> <!-- book-flight-module -->
</testng-results>
